<?xml version="1.0" encoding="UTF-8"?>
<testsuite xmlns:xsi="http://www.w3.org/2001/XMLSchema-instance" xsi:noNamespaceSchemaLocation="https://maven.apache.org/surefire/maven-surefire-plugin/xsd/surefire-test-report.xsd" version="3.0.2" name="FactorialTest" time="0.048" tests="4" errors="0" skipped="0" failures="0">
  <properties>
[...]
</properties>
  <testcase name="testFactorialOfTen" classname="FactorialTest" time="0.022"/>
  <testcase name="testNegativeNumber" classname="FactorialTest" time="0.003"/>
  <testcase name="testFactorialOfFive" classname="FactorialTest" time="0.002"/>
  <testcase name="testFactorialOfZero" classname="FactorialTest" time="0.001"/>
</testsuite>